26 Feb 2025 14:16:59,120 INFO com.sismics.util.jpa.EMF.getEntityManagerProperties(EMF.java:67) Configuring EntityManager from hibernate.properties 
26 Feb 2025 14:17:05,201 INFO com.sismics.util.jpa.DbOpenHelper.open(DbOpenHelper.java:57) Opening database and executing incremental updates 
26 Feb 2025 14:17:05,219 INFO com.sismics.util.jpa.DbOpenHelper.open(DbOpenHelper.java:83) Unable to get database version: Table T_CONFIG not found 
26 Feb 2025 14:17:05,221 INFO com.sismics.util.jpa.DbOpenHelper.open(DbOpenHelper.java:98) Executing initial schema creation script 
26 Feb 2025 14:17:05,276 INFO com.sismics.util.jpa.DbOpenHelper.executeAllScript(DbOpenHelper.java:142) Executing script: dbupdate-000-0.sql 
26 Feb 2025 14:17:05,823 INFO com.sismics.util.jpa.DbOpenHelper.executeAllScript(DbOpenHelper.java:142) Executing script: dbupdate-000-1.sql 
26 Feb 2025 14:17:05,915 INFO com.sismics.util.jpa.DbOpenHelper.open(DbOpenHelper.java:106) Found database version 0, new version is 31, executing database incremental update scripts 
26 Feb 2025 14:17:05,924 INFO com.sismics.util.jpa.DbOpenHelper.executeAllScript(DbOpenHelper.java:142) Executing script: dbupdate-001-0.sql 
26 Feb 2025 14:17:29,199 INFO com.sismics.util.jpa.DbOpenHelper.executeAllScript(DbOpenHelper.java:142) Executing script: dbupdate-002-0.sql 
26 Feb 2025 14:17:29,270 INFO com.sismics.util.jpa.DbOpenHelper.executeAllScript(DbOpenHelper.java:142) Executing script: dbupdate-003-0.sql 
26 Feb 2025 14:17:29,287 INFO com.sismics.util.jpa.DbOpenHelper.executeAllScript(DbOpenHelper.java:142) Executing script: dbupdate-004-0.sql 
26 Feb 2025 14:17:29,382 INFO com.sismics.util.jpa.DbOpenHelper.executeAllScript(DbOpenHelper.java:142) Executing script: dbupdate-005-0.sql 
26 Feb 2025 14:17:29,403 INFO com.sismics.util.jpa.DbOpenHelper.executeAllScript(DbOpenHelper.java:142) Executing script: dbupdate-006-0.sql 
26 Feb 2025 14:17:06,508 INFO com.sismics.util.jpa.DbOpenHelper.executeAllScript(DbOpenHelper.java:142) Executing script: dbupdate-007-0.sql 
26 Feb 2025 14:17:06,516 INFO com.sismics.util.jpa.DbOpenHelper.executeAllScript(DbOpenHelper.java:142) Executing script: dbupdate-008-0.sql 
26 Feb 2025 14:17:06,524 INFO com.sismics.util.jpa.DbOpenHelper.executeAllScript(DbOpenHelper.java:142) Executing script: dbupdate-009-0.sql 
26 Feb 2025 14:17:06,540 INFO com.sismics.util.jpa.DbOpenHelper.executeAllScript(DbOpenHelper.java:142) Executing script: dbupdate-010-0.sql 
26 Feb 2025 14:17:06,550 INFO com.sismics.util.jpa.DbOpenHelper.executeAllScript(DbOpenHelper.java:142) Executing script: dbupdate-011-0.sql 
26 Feb 2025 14:17:06,562 INFO com.sismics.util.jpa.DbOpenHelper.executeAllScript(DbOpenHelper.java:142) Executing script: dbupdate-012-0.sql 
26 Feb 2025 14:17:06,573 INFO com.sismics.util.jpa.DbOpenHelper.executeAllScript(DbOpenHelper.java:142) Executing script: dbupdate-013-0.sql 
26 Feb 2025 14:17:06,580 INFO com.sismics.util.jpa.DbOpenHelper.executeAllScript(DbOpenHelper.java:142) Executing script: dbupdate-014-0.sql 
26 Feb 2025 14:17:06,591 INFO com.sismics.util.jpa.DbOpenHelper.executeAllScript(DbOpenHelper.java:142) Executing script: dbupdate-015-0.sql 
26 Feb 2025 14:17:06,622 INFO com.sismics.util.jpa.DbOpenHelper.executeAllScript(DbOpenHelper.java:142) Executing script: dbupdate-016-0.sql 
26 Feb 2025 14:17:06,629 INFO com.sismics.util.jpa.DbOpenHelper.executeAllScript(DbOpenHelper.java:142) Executing script: dbupdate-017-0.sql 
26 Feb 2025 14:17:06,638 INFO com.sismics.util.jpa.DbOpenHelper.executeAllScript(DbOpenHelper.java:142) Executing script: dbupdate-018-0.sql 
26 Feb 2025 14:17:06,725 INFO com.sismics.util.jpa.DbOpenHelper.executeAllScript(DbOpenHelper.java:142) Executing script: dbupdate-019-0.sql 
26 Feb 2025 14:17:06,733 INFO com.sismics.util.jpa.DbOpenHelper.executeAllScript(DbOpenHelper.java:142) Executing script: dbupdate-020-0.sql 
26 Feb 2025 14:17:06,740 INFO com.sismics.util.jpa.DbOpenHelper.executeAllScript(DbOpenHelper.java:142) Executing script: dbupdate-021-0.sql 
26 Feb 2025 14:17:06,751 INFO com.sismics.util.jpa.DbOpenHelper.executeAllScript(DbOpenHelper.java:142) Executing script: dbupdate-022-0.sql 
26 Feb 2025 14:17:06,764 INFO com.sismics.util.jpa.DbOpenHelper.executeAllScript(DbOpenHelper.java:142) Executing script: dbupdate-023-0.sql 
26 Feb 2025 14:17:06,774 INFO com.sismics.util.jpa.DbOpenHelper.executeAllScript(DbOpenHelper.java:142) Executing script: dbupdate-024-0.sql 
26 Feb 2025 14:17:06,785 INFO com.sismics.util.jpa.DbOpenHelper.executeAllScript(DbOpenHelper.java:142) Executing script: dbupdate-025-0.sql 
26 Feb 2025 14:17:06,792 INFO com.sismics.util.jpa.DbOpenHelper.executeAllScript(DbOpenHelper.java:142) Executing script: dbupdate-026-0.sql 
26 Feb 2025 14:17:06,798 INFO com.sismics.util.jpa.DbOpenHelper.executeAllScript(DbOpenHelper.java:142) Executing script: dbupdate-027-0.sql 
26 Feb 2025 14:17:06,805 INFO com.sismics.util.jpa.DbOpenHelper.executeAllScript(DbOpenHelper.java:142) Executing script: dbupdate-028-0.sql 
26 Feb 2025 14:17:06,810 INFO com.sismics.util.jpa.DbOpenHelper.executeAllScript(DbOpenHelper.java:142) Executing script: dbupdate-029-0.sql 
26 Feb 2025 14:17:06,822 INFO com.sismics.util.jpa.DbOpenHelper.executeAllScript(DbOpenHelper.java:142) Executing script: dbupdate-030-0.sql 
26 Feb 2025 14:17:06,831 INFO com.sismics.util.jpa.DbOpenHelper.executeAllScript(DbOpenHelper.java:142) Executing script: dbupdate-031-0.sql 
26 Feb 2025 14:17:06,835 INFO com.sismics.util.jpa.DbOpenHelper.open(DbOpenHelper.java:108) Database upgrade complete 
26 Feb 2025 14:17:06,841 INFO com.sismics.util.jpa.EMF.getEntityManagerProperties(EMF.java:67) Configuring EntityManager from hibernate.properties 
26 Feb 2025 14:17:33,292 INFO com.sismics.util.ClasspathScanner.findClasses(ClasspathScanner.java:48) Found 1 classes for IndexingHandler 
26 Feb 2025 14:17:34,305 INFO com.sismics.docs.core.util.indexing.LuceneIndexingHandler.initLucene(LuceneIndexingHandler.java:129) Using RAM Lucene storage 
26 Feb 2025 14:17:35,908 INFO com.sismics.docs.core.service.FileService.startUp(FileService.java:39) File service starting up 
26 Feb 2025 14:17:36,002 INFO com.sismics.docs.core.service.InboxService.startUp(InboxService.java:52) Inbox service starting up 
26 Feb 2025 14:17:36,041 INFO com.sismics.docs.core.service.FileSizeService.startUp(FileSizeService.java:30) File size service starting up 
26 Feb 2025 14:17:38,046 INFO com.sismics.docs.core.service.FileSizeService.lambda$runOneIteration$0(FileSizeService.java:50) No more file to process, stopping the service 
26 Feb 2025 14:17:38,064 INFO com.sismics.docs.core.service.FileSizeService.shutDown(FileSizeService.java:35) File size service shutting down 
26 Feb 2025 14:21:17,218 INFO com.sismics.util.ClasspathScanner.findClasses(ClasspathScanner.java:48) Found 2 classes for AuthenticationHandler 
26 Feb 2025 14:27:17,638 INFO com.sismics.docs.core.listener.async.DocumentCreatedAsyncListener.on(DocumentCreatedAsyncListener.java:35) Document created event: DocumentCreatedAsyncEvent{documentId=4afd088b-83bd-44a4-8012-6d99eea2b35c} 
26 Feb 2025 14:28:18,534 INFO com.sismics.docs.core.service.InboxService.shutDown(InboxService.java:57) Inbox service shutting down 
26 Feb 2025 14:28:18,536 INFO com.sismics.docs.core.service.FileService.shutDown(FileService.java:44) File service shutting down 
05 Mar 2025 10:59:26,665 INFO com.sismics.util.jpa.EMF.getEntityManagerProperties(EMF.java:67) Configuring EntityManager from hibernate.properties 
05 Mar 2025 10:59:30,106 INFO com.sismics.util.jpa.DbOpenHelper.open(DbOpenHelper.java:57) Opening database and executing incremental updates 
05 Mar 2025 10:59:30,114 INFO com.sismics.util.jpa.DbOpenHelper.open(DbOpenHelper.java:83) Unable to get database version: Table T_CONFIG not found 
05 Mar 2025 10:59:30,115 INFO com.sismics.util.jpa.DbOpenHelper.open(DbOpenHelper.java:98) Executing initial schema creation script 
05 Mar 2025 10:59:30,143 INFO com.sismics.util.jpa.DbOpenHelper.executeAllScript(DbOpenHelper.java:142) Executing script: dbupdate-000-0.sql 
05 Mar 2025 10:59:30,431 INFO com.sismics.util.jpa.DbOpenHelper.executeAllScript(DbOpenHelper.java:142) Executing script: dbupdate-000-1.sql 
05 Mar 2025 10:59:30,498 INFO com.sismics.util.jpa.DbOpenHelper.open(DbOpenHelper.java:106) Found database version 0, new version is 31, executing database incremental update scripts 
05 Mar 2025 10:59:30,504 INFO com.sismics.util.jpa.DbOpenHelper.executeAllScript(DbOpenHelper.java:142) Executing script: dbupdate-001-0.sql 
05 Mar 2025 10:59:30,578 INFO com.sismics.util.jpa.DbOpenHelper.executeAllScript(DbOpenHelper.java:142) Executing script: dbupdate-002-0.sql 
05 Mar 2025 10:59:30,591 INFO com.sismics.util.jpa.DbOpenHelper.executeAllScript(DbOpenHelper.java:142) Executing script: dbupdate-003-0.sql 
05 Mar 2025 10:59:30,606 INFO com.sismics.util.jpa.DbOpenHelper.executeAllScript(DbOpenHelper.java:142) Executing script: dbupdate-004-0.sql 
05 Mar 2025 10:59:30,629 INFO com.sismics.util.jpa.DbOpenHelper.executeAllScript(DbOpenHelper.java:142) Executing script: dbupdate-005-0.sql 
05 Mar 2025 10:59:30,639 INFO com.sismics.util.jpa.DbOpenHelper.executeAllScript(DbOpenHelper.java:142) Executing script: dbupdate-006-0.sql 
05 Mar 2025 10:59:30,823 INFO com.sismics.util.jpa.DbOpenHelper.executeAllScript(DbOpenHelper.java:142) Executing script: dbupdate-007-0.sql 
05 Mar 2025 10:59:30,836 INFO com.sismics.util.jpa.DbOpenHelper.executeAllScript(DbOpenHelper.java:142) Executing script: dbupdate-008-0.sql 
05 Mar 2025 10:59:30,848 INFO com.sismics.util.jpa.DbOpenHelper.executeAllScript(DbOpenHelper.java:142) Executing script: dbupdate-009-0.sql 
05 Mar 2025 10:59:30,862 INFO com.sismics.util.jpa.DbOpenHelper.executeAllScript(DbOpenHelper.java:142) Executing script: dbupdate-010-0.sql 
05 Mar 2025 10:59:30,873 INFO com.sismics.util.jpa.DbOpenHelper.executeAllScript(DbOpenHelper.java:142) Executing script: dbupdate-011-0.sql 
05 Mar 2025 10:59:30,885 INFO com.sismics.util.jpa.DbOpenHelper.executeAllScript(DbOpenHelper.java:142) Executing script: dbupdate-012-0.sql 
05 Mar 2025 10:59:30,899 INFO com.sismics.util.jpa.DbOpenHelper.executeAllScript(DbOpenHelper.java:142) Executing script: dbupdate-013-0.sql 
05 Mar 2025 10:59:30,908 INFO com.sismics.util.jpa.DbOpenHelper.executeAllScript(DbOpenHelper.java:142) Executing script: dbupdate-014-0.sql 
05 Mar 2025 10:59:30,920 INFO com.sismics.util.jpa.DbOpenHelper.executeAllScript(DbOpenHelper.java:142) Executing script: dbupdate-015-0.sql 
05 Mar 2025 10:59:30,943 INFO com.sismics.util.jpa.DbOpenHelper.executeAllScript(DbOpenHelper.java:142) Executing script: dbupdate-016-0.sql 
05 Mar 2025 10:59:30,951 INFO com.sismics.util.jpa.DbOpenHelper.executeAllScript(DbOpenHelper.java:142) Executing script: dbupdate-017-0.sql 
05 Mar 2025 10:59:30,960 INFO com.sismics.util.jpa.DbOpenHelper.executeAllScript(DbOpenHelper.java:142) Executing script: dbupdate-018-0.sql 
05 Mar 2025 10:59:31,033 INFO com.sismics.util.jpa.DbOpenHelper.executeAllScript(DbOpenHelper.java:142) Executing script: dbupdate-019-0.sql 
05 Mar 2025 10:59:31,041 INFO com.sismics.util.jpa.DbOpenHelper.executeAllScript(DbOpenHelper.java:142) Executing script: dbupdate-020-0.sql 
05 Mar 2025 10:59:31,049 INFO com.sismics.util.jpa.DbOpenHelper.executeAllScript(DbOpenHelper.java:142) Executing script: dbupdate-021-0.sql 
05 Mar 2025 10:59:31,064 INFO com.sismics.util.jpa.DbOpenHelper.executeAllScript(DbOpenHelper.java:142) Executing script: dbupdate-022-0.sql 
05 Mar 2025 10:59:31,078 INFO com.sismics.util.jpa.DbOpenHelper.executeAllScript(DbOpenHelper.java:142) Executing script: dbupdate-023-0.sql 
05 Mar 2025 10:59:31,088 INFO com.sismics.util.jpa.DbOpenHelper.executeAllScript(DbOpenHelper.java:142) Executing script: dbupdate-024-0.sql 
05 Mar 2025 10:59:31,099 INFO com.sismics.util.jpa.DbOpenHelper.executeAllScript(DbOpenHelper.java:142) Executing script: dbupdate-025-0.sql 
05 Mar 2025 10:59:31,106 INFO com.sismics.util.jpa.DbOpenHelper.executeAllScript(DbOpenHelper.java:142) Executing script: dbupdate-026-0.sql 
05 Mar 2025 10:59:31,114 INFO com.sismics.util.jpa.DbOpenHelper.executeAllScript(DbOpenHelper.java:142) Executing script: dbupdate-027-0.sql 
05 Mar 2025 10:59:31,121 INFO com.sismics.util.jpa.DbOpenHelper.executeAllScript(DbOpenHelper.java:142) Executing script: dbupdate-028-0.sql 
05 Mar 2025 10:59:31,129 INFO com.sismics.util.jpa.DbOpenHelper.executeAllScript(DbOpenHelper.java:142) Executing script: dbupdate-029-0.sql 
05 Mar 2025 10:59:31,140 INFO com.sismics.util.jpa.DbOpenHelper.executeAllScript(DbOpenHelper.java:142) Executing script: dbupdate-030-0.sql 
05 Mar 2025 10:59:31,148 INFO com.sismics.util.jpa.DbOpenHelper.executeAllScript(DbOpenHelper.java:142) Executing script: dbupdate-031-0.sql 
05 Mar 2025 10:59:31,152 INFO com.sismics.util.jpa.DbOpenHelper.open(DbOpenHelper.java:108) Database upgrade complete 
05 Mar 2025 10:59:31,156 INFO com.sismics.util.jpa.EMF.getEntityManagerProperties(EMF.java:67) Configuring EntityManager from hibernate.properties 
05 Mar 2025 10:59:52,262 INFO com.sismics.util.ClasspathScanner.findClasses(ClasspathScanner.java:48) Found 1 classes for IndexingHandler 
05 Mar 2025 10:59:52,811 INFO com.sismics.docs.core.util.indexing.LuceneIndexingHandler.initLucene(LuceneIndexingHandler.java:129) Using RAM Lucene storage 
05 Mar 2025 11:00:31,376 INFO com.sismics.docs.core.service.FileService.startUp(FileService.java:39) File service starting up 
05 Mar 2025 11:00:31,453 INFO com.sismics.docs.core.service.InboxService.startUp(InboxService.java:52) Inbox service starting up 
05 Mar 2025 11:00:31,467 INFO com.sismics.docs.core.service.FileSizeService.startUp(FileSizeService.java:30) File size service starting up 
05 Mar 2025 10:59:55,739 INFO com.sismics.docs.core.service.FileSizeService.lambda$runOneIteration$0(FileSizeService.java:50) No more file to process, stopping the service 
05 Mar 2025 10:59:55,749 INFO com.sismics.docs.core.service.FileSizeService.shutDown(FileSizeService.java:35) File size service shutting down 
05 Mar 2025 11:00:54,004 INFO com.sismics.util.ClasspathScanner.findClasses(ClasspathScanner.java:48) Found 2 classes for AuthenticationHandler 
05 Mar 2025 11:00:50,919 INFO com.sismics.docs.core.util.FileUtil.startProcessingFile(FileUtil.java:225) Processing started for file: 47f93884-2187-4f82-8f3d-ba02c43acff2 
05 Mar 2025 11:00:50,954 INFO com.sismics.docs.core.listener.async.FileProcessingAsyncListener.on(FileProcessingAsyncListener.java:53) File created event: FileCreatedAsyncEvent{fileId=47f93884-2187-4f82-8f3d-ba02c43acff2, language=null} 
05 Mar 2025 11:00:51,432 INFO com.sismics.util.ClasspathScanner.findClasses(ClasspathScanner.java:48) Found 7 classes for FormatHandler 
05 Mar 2025 11:00:54,634 INFO com.sismics.docs.core.listener.async.FileProcessingAsyncListener.extractContent(FileProcessingAsyncListener.java:176) Start extracting content from: File{id=47f93884-2187-4f82-8f3d-ba02c43acff2, name=NLP_A1.pdf} 
05 Mar 2025 11:00:54,780 INFO com.sismics.docs.core.listener.async.FileProcessingAsyncListener.extractContent(FileProcessingAsyncListener.java:182) File content extracted in 146ms: 47f93884-2187-4f82-8f3d-ba02c43acff2 
05 Mar 2025 11:00:55,973 INFO com.sismics.docs.core.util.FileUtil.endProcessingFile(FileUtil.java:235) Processing ended for file: 47f93884-2187-4f82-8f3d-ba02c43acff2 
05 Mar 2025 11:01:41,772 INFO com.sismics.docs.core.listener.async.DocumentCreatedAsyncListener.on(DocumentCreatedAsyncListener.java:35) Document created event: DocumentCreatedAsyncEvent{documentId=0129507e-cf65-48b6-af04-693c76bda548} 
05 Mar 2025 11:01:41,866 INFO com.sismics.docs.core.util.FileUtil.startProcessingFile(FileUtil.java:225) Processing started for file: 47f93884-2187-4f82-8f3d-ba02c43acff2 
05 Mar 2025 11:01:41,876 INFO com.sismics.docs.core.listener.async.FileProcessingAsyncListener.on(FileProcessingAsyncListener.java:67) File updated event: FileUpdatedAsyncEvent{fileId=47f93884-2187-4f82-8f3d-ba02c43acff2, language=eng} 
05 Mar 2025 11:01:41,878 INFO com.sismics.docs.core.listener.async.DocumentUpdatedAsyncListener.on(DocumentUpdatedAsyncListener.java:39) Document updated event: DocumentUpdatedAsyncEvent{documentId=0129507e-cf65-48b6-af04-693c76bda548} 
05 Mar 2025 11:01:05,327 INFO com.sismics.docs.core.listener.async.FileProcessingAsyncListener.extractContent(FileProcessingAsyncListener.java:176) Start extracting content from: File{id=47f93884-2187-4f82-8f3d-ba02c43acff2, name=NLP_A1.pdf} 
05 Mar 2025 11:01:05,350 INFO com.sismics.docs.core.listener.async.FileProcessingAsyncListener.extractContent(FileProcessingAsyncListener.java:182) File content extracted in 23ms: 47f93884-2187-4f82-8f3d-ba02c43acff2 
05 Mar 2025 11:01:05,382 INFO com.sismics.docs.core.util.FileUtil.endProcessingFile(FileUtil.java:235) Processing ended for file: 47f93884-2187-4f82-8f3d-ba02c43acff2 
05 Mar 2025 11:01:20,810 INFO com.sismics.docs.core.service.InboxService.shutDown(InboxService.java:57) Inbox service shutting down 
05 Mar 2025 11:01:20,812 INFO com.sismics.docs.core.service.FileService.shutDown(FileService.java:44) File service shutting down 
05 Mar 2025 11:01:35,256 INFO com.sismics.util.jpa.EMF.getEntityManagerProperties(EMF.java:67) Configuring EntityManager from hibernate.properties 
05 Mar 2025 11:01:37,483 INFO com.sismics.util.jpa.DbOpenHelper.open(DbOpenHelper.java:57) Opening database and executing incremental updates 
05 Mar 2025 11:01:37,493 INFO com.sismics.util.jpa.DbOpenHelper.open(DbOpenHelper.java:83) Unable to get database version: Table T_CONFIG not found 
05 Mar 2025 11:01:37,494 INFO com.sismics.util.jpa.DbOpenHelper.open(DbOpenHelper.java:98) Executing initial schema creation script 
05 Mar 2025 11:01:37,524 INFO com.sismics.util.jpa.DbOpenHelper.executeAllScript(DbOpenHelper.java:142) Executing script: dbupdate-000-0.sql 
05 Mar 2025 11:01:37,775 INFO com.sismics.util.jpa.DbOpenHelper.executeAllScript(DbOpenHelper.java:142) Executing script: dbupdate-000-1.sql 
05 Mar 2025 11:01:37,815 INFO com.sismics.util.jpa.DbOpenHelper.open(DbOpenHelper.java:106) Found database version 0, new version is 31, executing database incremental update scripts 
05 Mar 2025 11:01:37,820 INFO com.sismics.util.jpa.DbOpenHelper.executeAllScript(DbOpenHelper.java:142) Executing script: dbupdate-001-0.sql 
05 Mar 2025 11:01:37,888 INFO com.sismics.util.jpa.DbOpenHelper.executeAllScript(DbOpenHelper.java:142) Executing script: dbupdate-002-0.sql 
05 Mar 2025 11:01:37,902 INFO com.sismics.util.jpa.DbOpenHelper.executeAllScript(DbOpenHelper.java:142) Executing script: dbupdate-003-0.sql 
05 Mar 2025 11:01:37,919 INFO com.sismics.util.jpa.DbOpenHelper.executeAllScript(DbOpenHelper.java:142) Executing script: dbupdate-004-0.sql 
05 Mar 2025 11:01:37,944 INFO com.sismics.util.jpa.DbOpenHelper.executeAllScript(DbOpenHelper.java:142) Executing script: dbupdate-005-0.sql 
05 Mar 2025 11:01:37,972 INFO com.sismics.util.jpa.DbOpenHelper.executeAllScript(DbOpenHelper.java:142) Executing script: dbupdate-006-0.sql 
05 Mar 2025 11:01:38,128 INFO com.sismics.util.jpa.DbOpenHelper.executeAllScript(DbOpenHelper.java:142) Executing script: dbupdate-007-0.sql 
05 Mar 2025 11:01:38,141 INFO com.sismics.util.jpa.DbOpenHelper.executeAllScript(DbOpenHelper.java:142) Executing script: dbupdate-008-0.sql 
05 Mar 2025 11:01:38,155 INFO com.sismics.util.jpa.DbOpenHelper.executeAllScript(DbOpenHelper.java:142) Executing script: dbupdate-009-0.sql 
05 Mar 2025 11:01:38,169 INFO com.sismics.util.jpa.DbOpenHelper.executeAllScript(DbOpenHelper.java:142) Executing script: dbupdate-010-0.sql 
05 Mar 2025 11:01:38,179 INFO com.sismics.util.jpa.DbOpenHelper.executeAllScript(DbOpenHelper.java:142) Executing script: dbupdate-011-0.sql 
05 Mar 2025 11:01:38,192 INFO com.sismics.util.jpa.DbOpenHelper.executeAllScript(DbOpenHelper.java:142) Executing script: dbupdate-012-0.sql 
05 Mar 2025 11:01:38,205 INFO com.sismics.util.jpa.DbOpenHelper.executeAllScript(DbOpenHelper.java:142) Executing script: dbupdate-013-0.sql 
05 Mar 2025 11:01:38,212 INFO com.sismics.util.jpa.DbOpenHelper.executeAllScript(DbOpenHelper.java:142) Executing script: dbupdate-014-0.sql 
05 Mar 2025 11:01:38,222 INFO com.sismics.util.jpa.DbOpenHelper.executeAllScript(DbOpenHelper.java:142) Executing script: dbupdate-015-0.sql 
05 Mar 2025 11:01:38,239 INFO com.sismics.util.jpa.DbOpenHelper.executeAllScript(DbOpenHelper.java:142) Executing script: dbupdate-016-0.sql 
05 Mar 2025 11:01:38,246 INFO com.sismics.util.jpa.DbOpenHelper.executeAllScript(DbOpenHelper.java:142) Executing script: dbupdate-017-0.sql 
05 Mar 2025 11:01:38,253 INFO com.sismics.util.jpa.DbOpenHelper.executeAllScript(DbOpenHelper.java:142) Executing script: dbupdate-018-0.sql 
05 Mar 2025 11:01:38,321 INFO com.sismics.util.jpa.DbOpenHelper.executeAllScript(DbOpenHelper.java:142) Executing script: dbupdate-019-0.sql 
05 Mar 2025 11:01:38,328 INFO com.sismics.util.jpa.DbOpenHelper.executeAllScript(DbOpenHelper.java:142) Executing script: dbupdate-020-0.sql 
05 Mar 2025 11:01:38,333 INFO com.sismics.util.jpa.DbOpenHelper.executeAllScript(DbOpenHelper.java:142) Executing script: dbupdate-021-0.sql 
05 Mar 2025 11:01:38,347 INFO com.sismics.util.jpa.DbOpenHelper.executeAllScript(DbOpenHelper.java:142) Executing script: dbupdate-022-0.sql 
05 Mar 2025 11:01:38,359 INFO com.sismics.util.jpa.DbOpenHelper.executeAllScript(DbOpenHelper.java:142) Executing script: dbupdate-023-0.sql 
05 Mar 2025 11:01:38,368 INFO com.sismics.util.jpa.DbOpenHelper.executeAllScript(DbOpenHelper.java:142) Executing script: dbupdate-024-0.sql 
05 Mar 2025 11:01:38,375 INFO com.sismics.util.jpa.DbOpenHelper.executeAllScript(DbOpenHelper.java:142) Executing script: dbupdate-025-0.sql 
05 Mar 2025 11:01:38,382 INFO com.sismics.util.jpa.DbOpenHelper.executeAllScript(DbOpenHelper.java:142) Executing script: dbupdate-026-0.sql 
05 Mar 2025 11:01:38,388 INFO com.sismics.util.jpa.DbOpenHelper.executeAllScript(DbOpenHelper.java:142) Executing script: dbupdate-027-0.sql 
05 Mar 2025 11:01:38,395 INFO com.sismics.util.jpa.DbOpenHelper.executeAllScript(DbOpenHelper.java:142) Executing script: dbupdate-028-0.sql 
05 Mar 2025 11:01:38,402 INFO com.sismics.util.jpa.DbOpenHelper.executeAllScript(DbOpenHelper.java:142) Executing script: dbupdate-029-0.sql 
05 Mar 2025 11:01:38,410 INFO com.sismics.util.jpa.DbOpenHelper.executeAllScript(DbOpenHelper.java:142) Executing script: dbupdate-030-0.sql 
05 Mar 2025 11:01:38,415 INFO com.sismics.util.jpa.DbOpenHelper.executeAllScript(DbOpenHelper.java:142) Executing script: dbupdate-031-0.sql 
05 Mar 2025 11:01:38,419 INFO com.sismics.util.jpa.DbOpenHelper.open(DbOpenHelper.java:108) Database upgrade complete 
05 Mar 2025 11:01:38,423 INFO com.sismics.util.jpa.EMF.getEntityManagerProperties(EMF.java:67) Configuring EntityManager from hibernate.properties 
05 Mar 2025 11:01:56,172 INFO com.sismics.util.ClasspathScanner.findClasses(ClasspathScanner.java:48) Found 1 classes for IndexingHandler 
05 Mar 2025 11:01:56,807 INFO com.sismics.docs.core.util.indexing.LuceneIndexingHandler.initLucene(LuceneIndexingHandler.java:129) Using RAM Lucene storage 
05 Mar 2025 11:01:57,848 INFO com.sismics.docs.core.service.FileService.startUp(FileService.java:39) File service starting up 
05 Mar 2025 11:01:57,909 INFO com.sismics.docs.core.service.InboxService.startUp(InboxService.java:52) Inbox service starting up 
05 Mar 2025 11:01:57,924 INFO com.sismics.docs.core.service.FileSizeService.startUp(FileSizeService.java:30) File size service starting up 
05 Mar 2025 11:01:59,703 INFO com.sismics.docs.core.service.FileSizeService.lambda$runOneIteration$0(FileSizeService.java:50) No more file to process, stopping the service 
05 Mar 2025 11:01:59,716 INFO com.sismics.docs.core.service.FileSizeService.shutDown(FileSizeService.java:35) File size service shutting down 
05 Mar 2025 11:02:45,967 INFO com.sismics.util.ClasspathScanner.findClasses(ClasspathScanner.java:48) Found 2 classes for AuthenticationHandler 
05 Mar 2025 11:25:25,570 INFO com.sismics.docs.core.service.InboxService.shutDown(InboxService.java:57) Inbox service shutting down 
05 Mar 2025 11:25:25,572 INFO com.sismics.docs.core.service.FileService.shutDown(FileService.java:44) File service shutting down 
05 Mar 2025 11:25:42,692 INFO com.sismics.util.jpa.EMF.getEntityManagerProperties(EMF.java:67) Configuring EntityManager from hibernate.properties 
05 Mar 2025 11:25:44,073 ERROR com.sismics.util.jpa.EMF.<clinit>(EMF.java:58) Error creating EMF 
org.hibernate.service.spi.ServiceException: Unable to create requested service [org.hibernate.engine.jdbc.env.spi.JdbcEnvironment] due to: Error calling Driver#connect [null]
	at org.hibernate.service.internal.AbstractServiceRegistryImpl.createService(AbstractServiceRegistryImpl.java:276)
	at org.hibernate.service.internal.AbstractServiceRegistryImpl.initializeService(AbstractServiceRegistryImpl.java:238)
	at org.hibernate.service.internal.AbstractServiceRegistryImpl.getService(AbstractServiceRegistryImpl.java:215)
	at org.hibernate.engine.jdbc.internal.JdbcServicesImpl.configure(JdbcServicesImpl.java:52)
	at org.hibernate.boot.registry.internal.StandardServiceRegistryImpl.configureService(StandardServiceRegistryImpl.java:135)
	at org.hibernate.service.internal.AbstractServiceRegistryImpl.initializeService(AbstractServiceRegistryImpl.java:247)
	at org.hibernate.service.internal.AbstractServiceRegistryImpl.getService(AbstractServiceRegistryImpl.java:215)
	at com.sismics.util.jpa.DbOpenHelper.<init>(DbOpenHelper.java:50)
	at com.sismics.util.jpa.EMF$1.<init>(EMF.java:40)
	at com.sismics.util.jpa.EMF.<clinit>(EMF.java:40)
	at com.sismics.docs.core.util.TransactionUtil.handle(TransactionUtil.java:37)
	at com.sismics.util.filter.RequestContextFilter.init(RequestContextFilter.java:65)
	at org.eclipse.jetty.servlet.FilterHolder.initialize(FilterHolder.java:133)
	at org.eclipse.jetty.servlet.ServletHandler.lambda$initialize$2(ServletHandler.java:725)
	at java.base/java.util.ArrayList$ArrayListSpliterator.forEachRemaining(ArrayList.java:1655)
	at java.base/java.util.stream.Streams$ConcatSpliterator.forEachRemaining(Streams.java:734)
	at java.base/java.util.stream.ReferencePipeline$Head.forEach(ReferencePipeline.java:658)
	at org.eclipse.jetty.servlet.ServletHandler.initialize(ServletHandler.java:749)
	at org.eclipse.jetty.servlet.ServletContextHandler.startContext(ServletContextHandler.java:392)
	at org.eclipse.jetty.webapp.WebAppContext.startContext(WebAppContext.java:1305)
	at org.eclipse.jetty.server.handler.ContextHandler.doStart(ContextHandler.java:902)
	at org.eclipse.jetty.servlet.ServletContextHandler.doStart(ServletContextHandler.java:306)
	at org.eclipse.jetty.webapp.WebAppContext.doStart(WebAppContext.java:533)
	at org.eclipse.jetty.maven.plugin.MavenWebAppContext.doStart(MavenWebAppContext.java:294)
	at org.eclipse.jetty.util.component.AbstractLifeCycle.start(AbstractLifeCycle.java:93)
	at org.eclipse.jetty.util.component.ContainerLifeCycle.start(ContainerLifeCycle.java:171)
	at org.eclipse.jetty.util.component.ContainerLifeCycle.doStart(ContainerLifeCycle.java:121)
	at org.eclipse.jetty.server.handler.AbstractHandler.doStart(AbstractHandler.java:89)
	at org.eclipse.jetty.util.component.AbstractLifeCycle.start(AbstractLifeCycle.java:93)
	at org.eclipse.jetty.util.component.ContainerLifeCycle.start(ContainerLifeCycle.java:171)
	at org.eclipse.jetty.util.component.ContainerLifeCycle.doStart(ContainerLifeCycle.java:121)
	at org.eclipse.jetty.server.handler.AbstractHandler.doStart(AbstractHandler.java:89)
	at org.eclipse.jetty.util.component.AbstractLifeCycle.start(AbstractLifeCycle.java:93)
	at org.eclipse.jetty.util.component.ContainerLifeCycle.start(ContainerLifeCycle.java:171)
	at org.eclipse.jetty.server.Server.start(Server.java:470)
	at org.eclipse.jetty.util.component.ContainerLifeCycle.doStart(ContainerLifeCycle.java:114)
	at org.eclipse.jetty.server.handler.AbstractHandler.doStart(AbstractHandler.java:89)
	at org.eclipse.jetty.server.Server.doStart(Server.java:415)
	at org.eclipse.jetty.util.component.AbstractLifeCycle.start(AbstractLifeCycle.java:93)
	at org.eclipse.jetty.maven.plugin.JettyEmbedder.doStart(JettyEmbedder.java:224)
	at org.eclipse.jetty.util.component.AbstractLifeCycle.start(AbstractLifeCycle.java:93)
	at org.eclipse.jetty.maven.plugin.JettyRunMojo.startJettyEmbedded(JettyRunMojo.java:97)
	at org.eclipse.jetty.maven.plugin.AbstractWebAppMojo.startJetty(AbstractWebAppMojo.java:441)
	at org.eclipse.jetty.maven.plugin.AbstractWebAppMojo.execute(AbstractWebAppMojo.java:419)
	at org.eclipse.jetty.maven.plugin.JettyRunMojo.execute(JettyRunMojo.java:85)
	at org.apache.maven.plugin.DefaultBuildPluginManager.executeMojo(DefaultBuildPluginManager.java:137)
	at org.apache.maven.lifecycle.internal.MojoExecutor.execute(MojoExecutor.java:210)
	at org.apache.maven.lifecycle.internal.MojoExecutor.execute(MojoExecutor.java:156)
	at org.apache.maven.lifecycle.internal.MojoExecutor.execute(MojoExecutor.java:148)
	at org.apache.maven.lifecycle.internal.LifecycleModuleBuilder.buildProject(LifecycleModuleBuilder.java:117)
	at org.apache.maven.lifecycle.internal.LifecycleModuleBuilder.buildProject(LifecycleModuleBuilder.java:81)
	at org.apache.maven.lifecycle.internal.builder.singlethreaded.SingleThreadedBuilder.build(SingleThreadedBuilder.java:56)
	at org.apache.maven.lifecycle.internal.LifecycleStarter.execute(LifecycleStarter.java:128)
	at org.apache.maven.DefaultMaven.doExecute(DefaultMaven.java:305)
	at org.apache.maven.DefaultMaven.doExecute(DefaultMaven.java:192)
	at org.apache.maven.DefaultMaven.execute(DefaultMaven.java:105)
	at org.apache.maven.cli.MavenCli.execute(MavenCli.java:957)
	at org.apache.maven.cli.MavenCli.doMain(MavenCli.java:289)
	at org.apache.maven.cli.MavenCli.main(MavenCli.java:193)
	at java.base/jdk.internal.reflect.NativeMethodAccessorImpl.invoke0(Native Method)
	at java.base/jdk.internal.reflect.NativeMethodAccessorImpl.invoke(NativeMethodAccessorImpl.java:62)
	at java.base/jdk.internal.reflect.DelegatingMethodAccessorImpl.invoke(DelegatingMethodAccessorImpl.java:43)
	at java.base/java.lang.reflect.Method.invoke(Method.java:566)
	at org.codehaus.plexus.classworlds.launcher.Launcher.launchEnhanced(Launcher.java:282)
	at org.codehaus.plexus.classworlds.launcher.Launcher.launch(Launcher.java:225)
	at org.codehaus.plexus.classworlds.launcher.Launcher.mainWithExitCode(Launcher.java:406)
	at org.codehaus.plexus.classworlds.launcher.Launcher.main(Launcher.java:347)
Caused by: org.hibernate.exception.JDBCConnectionException: Error calling Driver#connect [null]
	at org.hibernate.engine.jdbc.connections.internal.BasicConnectionCreator$1.convert(BasicConnectionCreator.java:122)
	at org.hibernate.engine.jdbc.connections.internal.BasicConnectionCreator.convertSqlException(BasicConnectionCreator.java:143)
	at org.hibernate.engine.jdbc.connections.internal.DriverConnectionCreator.makeConnection(DriverConnectionCreator.java:43)
	at org.hibernate.engine.jdbc.connections.internal.BasicConnectionCreator.createConnection(BasicConnectionCreator.java:61)
	at org.hibernate.engine.jdbc.connections.internal.DriverManagerConnectionProviderImpl$PooledConnections.addConnections(DriverManagerConnectionProviderImpl.java:494)
	at org.hibernate.engine.jdbc.connections.internal.DriverManagerConnectionProviderImpl$PooledConnections.<init>(DriverManagerConnectionProviderImpl.java:367)
	at org.hibernate.engine.jdbc.connections.internal.DriverManagerConnectionProviderImpl$PooledConnections$Builder.build(DriverManagerConnectionProviderImpl.java:545)
	at org.hibernate.engine.jdbc.connections.internal.DriverManagerConnectionProviderImpl.buildPool(DriverManagerConnectionProviderImpl.java:101)
	at org.hibernate.engine.jdbc.connections.internal.DriverManagerConnectionProviderImpl.configure(DriverManagerConnectionProviderImpl.java:81)
	at org.hibernate.boot.registry.internal.StandardServiceRegistryImpl.configureService(StandardServiceRegistryImpl.java:135)
	at org.hibernate.service.internal.AbstractServiceRegistryImpl.initializeService(AbstractServiceRegistryImpl.java:247)
	at org.hibernate.service.internal.AbstractServiceRegistryImpl.getService(AbstractServiceRegistryImpl.java:215)
	at org.hibernate.engine.jdbc.env.internal.JdbcEnvironmentInitiator.buildJdbcConnectionAccess(JdbcEnvironmentInitiator.java:391)
	at org.hibernate.engine.jdbc.env.internal.JdbcEnvironmentInitiator.getJdbcEnvironmentUsingJdbcMetadata(JdbcEnvironmentInitiator.java:259)
	at org.hibernate.engine.jdbc.env.internal.JdbcEnvironmentInitiator.initiateService(JdbcEnvironmentInitiator.java:105)
	at org.hibernate.engine.jdbc.env.internal.JdbcEnvironmentInitiator.initiateService(JdbcEnvironmentInitiator.java:66)
	at org.hibernate.boot.registry.internal.StandardServiceRegistryImpl.initiateService(StandardServiceRegistryImpl.java:129)
	at org.hibernate.service.internal.AbstractServiceRegistryImpl.createService(AbstractServiceRegistryImpl.java:263)
	... 66 more
Caused by: org.h2.jdbc.JdbcSQLNonTransientConnectionException: A file path that is implicitly relative to the current working directory is not allowed in the database URL "jdbc:h2:file:var/lib/Teedy/db;AUTO_SERVER=TRUE;DB_CLOSE_ON_EXIT=FALSE". Use an absolute path, ~/name, ./name, or the baseDir setting instead. [90011-199]
	at org.h2.message.DbException.getJdbcSQLException(DbException.java:617)
	at org.h2.message.DbException.getJdbcSQLException(DbException.java:427)
	at org.h2.message.DbException.get(DbException.java:205)
	at org.h2.message.DbException.get(DbException.java:181)
	at org.h2.engine.ConnectionInfo.getName(ConnectionInfo.java:393)
	at org.h2.engine.Engine.openSession(Engine.java:53)
	at org.h2.engine.Engine.openSession(Engine.java:201)
	at org.h2.engine.Engine.createSessionAndValidate(Engine.java:178)
	at org.h2.engine.Engine.createSession(Engine.java:161)
	at org.h2.engine.Engine.createSession(Engine.java:31)
	at org.h2.engine.SessionRemote.connectEmbeddedOrServer(SessionRemote.java:336)
	at org.h2.jdbc.JdbcConnection.<init>(JdbcConnection.java:169)
	at org.h2.jdbc.JdbcConnection.<init>(JdbcConnection.java:148)
	at org.h2.Driver.connect(Driver.java:69)
	at org.hibernate.engine.jdbc.connections.internal.DriverConnectionCreator.makeConnection(DriverConnectionCreator.java:40)
	... 81 more
05 Mar 2025 11:25:44,088 ERROR com.sismics.docs.core.util.TransactionUtil.handle(TransactionUtil.java:39) Cannot create entity manager 
java.lang.NullPointerException
	at com.sismics.docs.core.util.TransactionUtil.handle(TransactionUtil.java:37)
	at com.sismics.util.filter.RequestContextFilter.init(RequestContextFilter.java:65)
	at org.eclipse.jetty.servlet.FilterHolder.initialize(FilterHolder.java:133)
	at org.eclipse.jetty.servlet.ServletHandler.lambda$initialize$2(ServletHandler.java:725)
	at java.base/java.util.ArrayList$ArrayListSpliterator.forEachRemaining(ArrayList.java:1655)
	at java.base/java.util.stream.Streams$ConcatSpliterator.forEachRemaining(Streams.java:734)
	at java.base/java.util.stream.ReferencePipeline$Head.forEach(ReferencePipeline.java:658)
	at org.eclipse.jetty.servlet.ServletHandler.initialize(ServletHandler.java:749)
	at org.eclipse.jetty.servlet.ServletContextHandler.startContext(ServletContextHandler.java:392)
	at org.eclipse.jetty.webapp.WebAppContext.startContext(WebAppContext.java:1305)
	at org.eclipse.jetty.server.handler.ContextHandler.doStart(ContextHandler.java:902)
	at org.eclipse.jetty.servlet.ServletContextHandler.doStart(ServletContextHandler.java:306)
	at org.eclipse.jetty.webapp.WebAppContext.doStart(WebAppContext.java:533)
	at org.eclipse.jetty.maven.plugin.MavenWebAppContext.doStart(MavenWebAppContext.java:294)
	at org.eclipse.jetty.util.component.AbstractLifeCycle.start(AbstractLifeCycle.java:93)
	at org.eclipse.jetty.util.component.ContainerLifeCycle.start(ContainerLifeCycle.java:171)
	at org.eclipse.jetty.util.component.ContainerLifeCycle.doStart(ContainerLifeCycle.java:121)
	at org.eclipse.jetty.server.handler.AbstractHandler.doStart(AbstractHandler.java:89)
	at org.eclipse.jetty.util.component.AbstractLifeCycle.start(AbstractLifeCycle.java:93)
	at org.eclipse.jetty.util.component.ContainerLifeCycle.start(ContainerLifeCycle.java:171)
	at org.eclipse.jetty.util.component.ContainerLifeCycle.doStart(ContainerLifeCycle.java:121)
	at org.eclipse.jetty.server.handler.AbstractHandler.doStart(AbstractHandler.java:89)
	at org.eclipse.jetty.util.component.AbstractLifeCycle.start(AbstractLifeCycle.java:93)
	at org.eclipse.jetty.util.component.ContainerLifeCycle.start(ContainerLifeCycle.java:171)
	at org.eclipse.jetty.server.Server.start(Server.java:470)
	at org.eclipse.jetty.util.component.ContainerLifeCycle.doStart(ContainerLifeCycle.java:114)
	at org.eclipse.jetty.server.handler.AbstractHandler.doStart(AbstractHandler.java:89)
	at org.eclipse.jetty.server.Server.doStart(Server.java:415)
	at org.eclipse.jetty.util.component.AbstractLifeCycle.start(AbstractLifeCycle.java:93)
	at org.eclipse.jetty.maven.plugin.JettyEmbedder.doStart(JettyEmbedder.java:224)
	at org.eclipse.jetty.util.component.AbstractLifeCycle.start(AbstractLifeCycle.java:93)
	at org.eclipse.jetty.maven.plugin.JettyRunMojo.startJettyEmbedded(JettyRunMojo.java:97)
	at org.eclipse.jetty.maven.plugin.AbstractWebAppMojo.startJetty(AbstractWebAppMojo.java:441)
	at org.eclipse.jetty.maven.plugin.AbstractWebAppMojo.execute(AbstractWebAppMojo.java:419)
	at org.eclipse.jetty.maven.plugin.JettyRunMojo.execute(JettyRunMojo.java:85)
	at org.apache.maven.plugin.DefaultBuildPluginManager.executeMojo(DefaultBuildPluginManager.java:137)
	at org.apache.maven.lifecycle.internal.MojoExecutor.execute(MojoExecutor.java:210)
	at org.apache.maven.lifecycle.internal.MojoExecutor.execute(MojoExecutor.java:156)
	at org.apache.maven.lifecycle.internal.MojoExecutor.execute(MojoExecutor.java:148)
	at org.apache.maven.lifecycle.internal.LifecycleModuleBuilder.buildProject(LifecycleModuleBuilder.java:117)
	at org.apache.maven.lifecycle.internal.LifecycleModuleBuilder.buildProject(LifecycleModuleBuilder.java:81)
	at org.apache.maven.lifecycle.internal.builder.singlethreaded.SingleThreadedBuilder.build(SingleThreadedBuilder.java:56)
	at org.apache.maven.lifecycle.internal.LifecycleStarter.execute(LifecycleStarter.java:128)
	at org.apache.maven.DefaultMaven.doExecute(DefaultMaven.java:305)
	at org.apache.maven.DefaultMaven.doExecute(DefaultMaven.java:192)
	at org.apache.maven.DefaultMaven.execute(DefaultMaven.java:105)
	at org.apache.maven.cli.MavenCli.execute(MavenCli.java:957)
	at org.apache.maven.cli.MavenCli.doMain(MavenCli.java:289)
	at org.apache.maven.cli.MavenCli.main(MavenCli.java:193)
	at java.base/jdk.internal.reflect.NativeMethodAccessorImpl.invoke0(Native Method)
	at java.base/jdk.internal.reflect.NativeMethodAccessorImpl.invoke(NativeMethodAccessorImpl.java:62)
	at java.base/jdk.internal.reflect.DelegatingMethodAccessorImpl.invoke(DelegatingMethodAccessorImpl.java:43)
	at java.base/java.lang.reflect.Method.invoke(Method.java:566)
	at org.codehaus.plexus.classworlds.launcher.Launcher.launchEnhanced(Launcher.java:282)
	at org.codehaus.plexus.classworlds.launcher.Launcher.launch(Launcher.java:225)
	at org.codehaus.plexus.classworlds.launcher.Launcher.mainWithExitCode(Launcher.java:406)
	at org.codehaus.plexus.classworlds.launcher.Launcher.main(Launcher.java:347)
05 Mar 2025 11:26:23,440 INFO com.sismics.util.ClasspathScanner.findClasses(ClasspathScanner.java:48) Found 1 classes for IndexingHandler 
05 Mar 2025 11:26:23,655 INFO com.sismics.docs.core.util.indexing.LuceneIndexingHandler.initLucene(LuceneIndexingHandler.java:129) Using RAM Lucene storage 
05 Mar 2025 11:26:25,285 INFO com.sismics.docs.core.service.FileService.startUp(FileService.java:39) File service starting up 
05 Mar 2025 11:26:25,356 INFO com.sismics.docs.core.service.InboxService.startUp(InboxService.java:52) Inbox service starting up 
05 Mar 2025 11:26:25,358 ERROR com.sismics.docs.core.util.TransactionUtil.handle(TransactionUtil.java:39) Cannot create entity manager 
java.lang.NullPointerException
	at com.sismics.docs.core.util.TransactionUtil.handle(TransactionUtil.java:37)
	at com.sismics.docs.core.service.InboxService.syncInbox(InboxService.java:73)
	at com.sismics.docs.core.service.InboxService.runOneIteration(InboxService.java:63)
	at com.google.common.util.concurrent.AbstractScheduledService$ServiceDelegate$Task.run(AbstractScheduledService.java:233)
	at com.google.common.util.concurrent.Callables.lambda$threadRenaming$3(Callables.java:103)
	at java.base/java.util.concurrent.Executors$RunnableAdapter.call(Executors.java:515)
	at java.base/java.util.concurrent.FutureTask.runAndReset(FutureTask.java:305)
	at java.base/java.util.concurrent.ScheduledThreadPoolExecutor$ScheduledFutureTask.run(ScheduledThreadPoolExecutor.java:305)
	at java.base/java.util.concurrent.ThreadPoolExecutor.runWorker(ThreadPoolExecutor.java:1128)
	at java.base/java.util.concurrent.ThreadPoolExecutor$Worker.run(ThreadPoolExecutor.java:628)
	at java.base/java.lang.Thread.run(Thread.java:829)
05 Mar 2025 11:26:25,360 ERROR com.sismics.docs.core.service.InboxService.runOneIteration(InboxService.java:65) Exception during inbox synching 
java.lang.NullPointerException
	at com.sismics.docs.core.util.TransactionUtil.handle(TransactionUtil.java:43)
	at com.sismics.docs.core.service.InboxService.syncInbox(InboxService.java:73)
	at com.sismics.docs.core.service.InboxService.runOneIteration(InboxService.java:63)
	at com.google.common.util.concurrent.AbstractScheduledService$ServiceDelegate$Task.run(AbstractScheduledService.java:233)
	at com.google.common.util.concurrent.Callables.lambda$threadRenaming$3(Callables.java:103)
	at java.base/java.util.concurrent.Executors$RunnableAdapter.call(Executors.java:515)
	at java.base/java.util.concurrent.FutureTask.runAndReset(FutureTask.java:305)
	at java.base/java.util.concurrent.ScheduledThreadPoolExecutor$ScheduledFutureTask.run(ScheduledThreadPoolExecutor.java:305)
	at java.base/java.util.concurrent.ThreadPoolExecutor.runWorker(ThreadPoolExecutor.java:1128)
	at java.base/java.util.concurrent.ThreadPoolExecutor$Worker.run(ThreadPoolExecutor.java:628)
	at java.base/java.lang.Thread.run(Thread.java:829)
05 Mar 2025 11:26:25,375 INFO com.sismics.docs.core.service.FileSizeService.startUp(FileSizeService.java:30) File size service starting up 
05 Mar 2025 11:26:25,377 ERROR com.sismics.docs.core.util.TransactionUtil.handle(TransactionUtil.java:39) Cannot create entity manager 
java.lang.NullPointerException
	at com.sismics.docs.core.util.TransactionUtil.handle(TransactionUtil.java:37)
	at com.sismics.docs.core.service.FileSizeService.runOneIteration(FileSizeService.java:43)
	at com.google.common.util.concurrent.AbstractScheduledService$ServiceDelegate$Task.run(AbstractScheduledService.java:233)
	at com.google.common.util.concurrent.Callables.lambda$threadRenaming$3(Callables.java:103)
	at java.base/java.util.concurrent.Executors$RunnableAdapter.call(Executors.java:515)
	at java.base/java.util.concurrent.FutureTask.runAndReset(FutureTask.java:305)
	at java.base/java.util.concurrent.ScheduledThreadPoolExecutor$ScheduledFutureTask.run(ScheduledThreadPoolExecutor.java:305)
	at java.base/java.util.concurrent.ThreadPoolExecutor.runWorker(ThreadPoolExecutor.java:1128)
	at java.base/java.util.concurrent.ThreadPoolExecutor$Worker.run(ThreadPoolExecutor.java:628)
	at java.base/java.lang.Thread.run(Thread.java:829)
05 Mar 2025 11:26:25,378 ERROR com.sismics.docs.core.service.FileSizeService.runOneIteration(FileSizeService.java:55) Exception during file service iteration 
java.lang.NullPointerException
	at com.sismics.docs.core.util.TransactionUtil.handle(TransactionUtil.java:43)
	at com.sismics.docs.core.service.FileSizeService.runOneIteration(FileSizeService.java:43)
	at com.google.common.util.concurrent.AbstractScheduledService$ServiceDelegate$Task.run(AbstractScheduledService.java:233)
	at com.google.common.util.concurrent.Callables.lambda$threadRenaming$3(Callables.java:103)
	at java.base/java.util.concurrent.Executors$RunnableAdapter.call(Executors.java:515)
	at java.base/java.util.concurrent.FutureTask.runAndReset(FutureTask.java:305)
	at java.base/java.util.concurrent.ScheduledThreadPoolExecutor$ScheduledFutureTask.run(ScheduledThreadPoolExecutor.java:305)
	at java.base/java.util.concurrent.ThreadPoolExecutor.runWorker(ThreadPoolExecutor.java:1128)
	at java.base/java.util.concurrent.ThreadPoolExecutor$Worker.run(ThreadPoolExecutor.java:628)
	at java.base/java.lang.Thread.run(Thread.java:829)
05 Mar 2025 11:26:25,898 INFO com.sismics.docs.core.service.InboxService.shutDown(InboxService.java:57) Inbox service shutting down 
05 Mar 2025 11:26:25,900 INFO com.sismics.docs.core.service.FileService.shutDown(FileService.java:44) File service shutting down 
05 Mar 2025 11:26:25,900 INFO com.sismics.docs.core.service.FileSizeService.shutDown(FileSizeService.java:35) File size service shutting down 
05 Mar 2025 11:27:55,475 INFO com.sismics.util.jpa.EMF.getEntityManagerProperties(EMF.java:67) Configuring EntityManager from hibernate.properties 
05 Mar 2025 11:27:57,117 ERROR com.sismics.util.jpa.EMF.<clinit>(EMF.java:58) Error creating EMF 
org.hibernate.service.spi.ServiceException: Unable to create requested service [org.hibernate.engine.jdbc.env.spi.JdbcEnvironment] due to: Error calling Driver#connect [null]
	at org.hibernate.service.internal.AbstractServiceRegistryImpl.createService(AbstractServiceRegistryImpl.java:276)
	at org.hibernate.service.internal.AbstractServiceRegistryImpl.initializeService(AbstractServiceRegistryImpl.java:238)
	at org.hibernate.service.internal.AbstractServiceRegistryImpl.getService(AbstractServiceRegistryImpl.java:215)
	at org.hibernate.engine.jdbc.internal.JdbcServicesImpl.configure(JdbcServicesImpl.java:52)
	at org.hibernate.boot.registry.internal.StandardServiceRegistryImpl.configureService(StandardServiceRegistryImpl.java:135)
	at org.hibernate.service.internal.AbstractServiceRegistryImpl.initializeService(AbstractServiceRegistryImpl.java:247)
	at org.hibernate.service.internal.AbstractServiceRegistryImpl.getService(AbstractServiceRegistryImpl.java:215)
	at com.sismics.util.jpa.DbOpenHelper.<init>(DbOpenHelper.java:50)
	at com.sismics.util.jpa.EMF$1.<init>(EMF.java:40)
	at com.sismics.util.jpa.EMF.<clinit>(EMF.java:40)
	at com.sismics.docs.core.util.TransactionUtil.handle(TransactionUtil.java:37)
	at com.sismics.util.filter.RequestContextFilter.init(RequestContextFilter.java:65)
	at org.eclipse.jetty.servlet.FilterHolder.initialize(FilterHolder.java:133)
	at org.eclipse.jetty.servlet.ServletHandler.lambda$initialize$2(ServletHandler.java:725)
	at java.base/java.util.ArrayList$ArrayListSpliterator.forEachRemaining(ArrayList.java:1655)
	at java.base/java.util.stream.Streams$ConcatSpliterator.forEachRemaining(Streams.java:734)
	at java.base/java.util.stream.ReferencePipeline$Head.forEach(ReferencePipeline.java:658)
	at org.eclipse.jetty.servlet.ServletHandler.initialize(ServletHandler.java:749)
	at org.eclipse.jetty.servlet.ServletContextHandler.startContext(ServletContextHandler.java:392)
	at org.eclipse.jetty.webapp.WebAppContext.startContext(WebAppContext.java:1305)
	at org.eclipse.jetty.server.handler.ContextHandler.doStart(ContextHandler.java:902)
	at org.eclipse.jetty.servlet.ServletContextHandler.doStart(ServletContextHandler.java:306)
	at org.eclipse.jetty.webapp.WebAppContext.doStart(WebAppContext.java:533)
	at org.eclipse.jetty.maven.plugin.MavenWebAppContext.doStart(MavenWebAppContext.java:294)
	at org.eclipse.jetty.util.component.AbstractLifeCycle.start(AbstractLifeCycle.java:93)
	at org.eclipse.jetty.util.component.ContainerLifeCycle.start(ContainerLifeCycle.java:171)
	at org.eclipse.jetty.util.component.ContainerLifeCycle.doStart(ContainerLifeCycle.java:121)
	at org.eclipse.jetty.server.handler.AbstractHandler.doStart(AbstractHandler.java:89)
	at org.eclipse.jetty.util.component.AbstractLifeCycle.start(AbstractLifeCycle.java:93)
	at org.eclipse.jetty.util.component.ContainerLifeCycle.start(ContainerLifeCycle.java:171)
	at org.eclipse.jetty.util.component.ContainerLifeCycle.doStart(ContainerLifeCycle.java:121)
	at org.eclipse.jetty.server.handler.AbstractHandler.doStart(AbstractHandler.java:89)
	at org.eclipse.jetty.util.component.AbstractLifeCycle.start(AbstractLifeCycle.java:93)
	at org.eclipse.jetty.util.component.ContainerLifeCycle.start(ContainerLifeCycle.java:171)
	at org.eclipse.jetty.server.Server.start(Server.java:470)
	at org.eclipse.jetty.util.component.ContainerLifeCycle.doStart(ContainerLifeCycle.java:114)
	at org.eclipse.jetty.server.handler.AbstractHandler.doStart(AbstractHandler.java:89)
	at org.eclipse.jetty.server.Server.doStart(Server.java:415)
	at org.eclipse.jetty.util.component.AbstractLifeCycle.start(AbstractLifeCycle.java:93)
	at org.eclipse.jetty.maven.plugin.JettyEmbedder.doStart(JettyEmbedder.java:224)
	at org.eclipse.jetty.util.component.AbstractLifeCycle.start(AbstractLifeCycle.java:93)
	at org.eclipse.jetty.maven.plugin.JettyRunMojo.startJettyEmbedded(JettyRunMojo.java:97)
	at org.eclipse.jetty.maven.plugin.AbstractWebAppMojo.startJetty(AbstractWebAppMojo.java:441)
	at org.eclipse.jetty.maven.plugin.AbstractWebAppMojo.execute(AbstractWebAppMojo.java:419)
	at org.eclipse.jetty.maven.plugin.JettyRunMojo.execute(JettyRunMojo.java:85)
	at org.apache.maven.plugin.DefaultBuildPluginManager.executeMojo(DefaultBuildPluginManager.java:137)
	at org.apache.maven.lifecycle.internal.MojoExecutor.execute(MojoExecutor.java:210)
	at org.apache.maven.lifecycle.internal.MojoExecutor.execute(MojoExecutor.java:156)
	at org.apache.maven.lifecycle.internal.MojoExecutor.execute(MojoExecutor.java:148)
	at org.apache.maven.lifecycle.internal.LifecycleModuleBuilder.buildProject(LifecycleModuleBuilder.java:117)
	at org.apache.maven.lifecycle.internal.LifecycleModuleBuilder.buildProject(LifecycleModuleBuilder.java:81)
	at org.apache.maven.lifecycle.internal.builder.singlethreaded.SingleThreadedBuilder.build(SingleThreadedBuilder.java:56)
	at org.apache.maven.lifecycle.internal.LifecycleStarter.execute(LifecycleStarter.java:128)
	at org.apache.maven.DefaultMaven.doExecute(DefaultMaven.java:305)
	at org.apache.maven.DefaultMaven.doExecute(DefaultMaven.java:192)
	at org.apache.maven.DefaultMaven.execute(DefaultMaven.java:105)
	at org.apache.maven.cli.MavenCli.execute(MavenCli.java:957)
	at org.apache.maven.cli.MavenCli.doMain(MavenCli.java:289)
	at org.apache.maven.cli.MavenCli.main(MavenCli.java:193)
	at java.base/jdk.internal.reflect.NativeMethodAccessorImpl.invoke0(Native Method)
	at java.base/jdk.internal.reflect.NativeMethodAccessorImpl.invoke(NativeMethodAccessorImpl.java:62)
	at java.base/jdk.internal.reflect.DelegatingMethodAccessorImpl.invoke(DelegatingMethodAccessorImpl.java:43)
	at java.base/java.lang.reflect.Method.invoke(Method.java:566)
	at org.codehaus.plexus.classworlds.launcher.Launcher.launchEnhanced(Launcher.java:282)
	at org.codehaus.plexus.classworlds.launcher.Launcher.launch(Launcher.java:225)
	at org.codehaus.plexus.classworlds.launcher.Launcher.mainWithExitCode(Launcher.java:406)
	at org.codehaus.plexus.classworlds.launcher.Launcher.main(Launcher.java:347)
Caused by: org.hibernate.exception.JDBCConnectionException: Error calling Driver#connect [null]
	at org.hibernate.engine.jdbc.connections.internal.BasicConnectionCreator$1.convert(BasicConnectionCreator.java:122)
	at org.hibernate.engine.jdbc.connections.internal.BasicConnectionCreator.convertSqlException(BasicConnectionCreator.java:143)
	at org.hibernate.engine.jdbc.connections.internal.DriverConnectionCreator.makeConnection(DriverConnectionCreator.java:43)
	at org.hibernate.engine.jdbc.connections.internal.BasicConnectionCreator.createConnection(BasicConnectionCreator.java:61)
	at org.hibernate.engine.jdbc.connections.internal.DriverManagerConnectionProviderImpl$PooledConnections.addConnections(DriverManagerConnectionProviderImpl.java:494)
	at org.hibernate.engine.jdbc.connections.internal.DriverManagerConnectionProviderImpl$PooledConnections.<init>(DriverManagerConnectionProviderImpl.java:367)
	at org.hibernate.engine.jdbc.connections.internal.DriverManagerConnectionProviderImpl$PooledConnections$Builder.build(DriverManagerConnectionProviderImpl.java:545)
	at org.hibernate.engine.jdbc.connections.internal.DriverManagerConnectionProviderImpl.buildPool(DriverManagerConnectionProviderImpl.java:101)
	at org.hibernate.engine.jdbc.connections.internal.DriverManagerConnectionProviderImpl.configure(DriverManagerConnectionProviderImpl.java:81)
	at org.hibernate.boot.registry.internal.StandardServiceRegistryImpl.configureService(StandardServiceRegistryImpl.java:135)
	at org.hibernate.service.internal.AbstractServiceRegistryImpl.initializeService(AbstractServiceRegistryImpl.java:247)
	at org.hibernate.service.internal.AbstractServiceRegistryImpl.getService(AbstractServiceRegistryImpl.java:215)
	at org.hibernate.engine.jdbc.env.internal.JdbcEnvironmentInitiator.buildJdbcConnectionAccess(JdbcEnvironmentInitiator.java:391)
	at org.hibernate.engine.jdbc.env.internal.JdbcEnvironmentInitiator.getJdbcEnvironmentUsingJdbcMetadata(JdbcEnvironmentInitiator.java:259)
	at org.hibernate.engine.jdbc.env.internal.JdbcEnvironmentInitiator.initiateService(JdbcEnvironmentInitiator.java:105)
	at org.hibernate.engine.jdbc.env.internal.JdbcEnvironmentInitiator.initiateService(JdbcEnvironmentInitiator.java:66)
	at org.hibernate.boot.registry.internal.StandardServiceRegistryImpl.initiateService(StandardServiceRegistryImpl.java:129)
	at org.hibernate.service.internal.AbstractServiceRegistryImpl.createService(AbstractServiceRegistryImpl.java:263)
	... 66 more
Caused by: org.h2.jdbc.JdbcSQLNonTransientConnectionException: A file path that is implicitly relative to the current working directory is not allowed in the database URL "jdbc:h2:file:var/lib/Teedy/db;". Use an absolute path, ~/name, ./name, or the baseDir setting instead. [90011-199]
	at org.h2.message.DbException.getJdbcSQLException(DbException.java:617)
	at org.h2.message.DbException.getJdbcSQLException(DbException.java:427)
	at org.h2.message.DbException.get(DbException.java:205)
	at org.h2.message.DbException.get(DbException.java:181)
	at org.h2.engine.ConnectionInfo.getName(ConnectionInfo.java:393)
	at org.h2.engine.Engine.openSession(Engine.java:53)
	at org.h2.engine.Engine.openSession(Engine.java:201)
	at org.h2.engine.Engine.createSessionAndValidate(Engine.java:178)
	at org.h2.engine.Engine.createSession(Engine.java:161)
	at org.h2.engine.Engine.createSession(Engine.java:31)
	at org.h2.engine.SessionRemote.connectEmbeddedOrServer(SessionRemote.java:336)
	at org.h2.jdbc.JdbcConnection.<init>(JdbcConnection.java:169)
	at org.h2.jdbc.JdbcConnection.<init>(JdbcConnection.java:148)
	at org.h2.Driver.connect(Driver.java:69)
	at org.hibernate.engine.jdbc.connections.internal.DriverConnectionCreator.makeConnection(DriverConnectionCreator.java:40)
	... 81 more
05 Mar 2025 11:27:57,156 ERROR com.sismics.docs.core.util.TransactionUtil.handle(TransactionUtil.java:39) Cannot create entity manager 
java.lang.NullPointerException
	at com.sismics.docs.core.util.TransactionUtil.handle(TransactionUtil.java:37)
	at com.sismics.util.filter.RequestContextFilter.init(RequestContextFilter.java:65)
	at org.eclipse.jetty.servlet.FilterHolder.initialize(FilterHolder.java:133)
	at org.eclipse.jetty.servlet.ServletHandler.lambda$initialize$2(ServletHandler.java:725)
	at java.base/java.util.ArrayList$ArrayListSpliterator.forEachRemaining(ArrayList.java:1655)
	at java.base/java.util.stream.Streams$ConcatSpliterator.forEachRemaining(Streams.java:734)
	at java.base/java.util.stream.ReferencePipeline$Head.forEach(ReferencePipeline.java:658)
	at org.eclipse.jetty.servlet.ServletHandler.initialize(ServletHandler.java:749)
	at org.eclipse.jetty.servlet.ServletContextHandler.startContext(ServletContextHandler.java:392)
	at org.eclipse.jetty.webapp.WebAppContext.startContext(WebAppContext.java:1305)
	at org.eclipse.jetty.server.handler.ContextHandler.doStart(ContextHandler.java:902)
	at org.eclipse.jetty.servlet.ServletContextHandler.doStart(ServletContextHandler.java:306)
	at org.eclipse.jetty.webapp.WebAppContext.doStart(WebAppContext.java:533)
	at org.eclipse.jetty.maven.plugin.MavenWebAppContext.doStart(MavenWebAppContext.java:294)
	at org.eclipse.jetty.util.component.AbstractLifeCycle.start(AbstractLifeCycle.java:93)
	at org.eclipse.jetty.util.component.ContainerLifeCycle.start(ContainerLifeCycle.java:171)
	at org.eclipse.jetty.util.component.ContainerLifeCycle.doStart(ContainerLifeCycle.java:121)
	at org.eclipse.jetty.server.handler.AbstractHandler.doStart(AbstractHandler.java:89)
	at org.eclipse.jetty.util.component.AbstractLifeCycle.start(AbstractLifeCycle.java:93)
	at org.eclipse.jetty.util.component.ContainerLifeCycle.start(ContainerLifeCycle.java:171)
	at org.eclipse.jetty.util.component.ContainerLifeCycle.doStart(ContainerLifeCycle.java:121)
	at org.eclipse.jetty.server.handler.AbstractHandler.doStart(AbstractHandler.java:89)
	at org.eclipse.jetty.util.component.AbstractLifeCycle.start(AbstractLifeCycle.java:93)
	at org.eclipse.jetty.util.component.ContainerLifeCycle.start(ContainerLifeCycle.java:171)
	at org.eclipse.jetty.server.Server.start(Server.java:470)
	at org.eclipse.jetty.util.component.ContainerLifeCycle.doStart(ContainerLifeCycle.java:114)
	at org.eclipse.jetty.server.handler.AbstractHandler.doStart(AbstractHandler.java:89)
	at org.eclipse.jetty.server.Server.doStart(Server.java:415)
	at org.eclipse.jetty.util.component.AbstractLifeCycle.start(AbstractLifeCycle.java:93)
	at org.eclipse.jetty.maven.plugin.JettyEmbedder.doStart(JettyEmbedder.java:224)
	at org.eclipse.jetty.util.component.AbstractLifeCycle.start(AbstractLifeCycle.java:93)
	at org.eclipse.jetty.maven.plugin.JettyRunMojo.startJettyEmbedded(JettyRunMojo.java:97)
	at org.eclipse.jetty.maven.plugin.AbstractWebAppMojo.startJetty(AbstractWebAppMojo.java:441)
	at org.eclipse.jetty.maven.plugin.AbstractWebAppMojo.execute(AbstractWebAppMojo.java:419)
	at org.eclipse.jetty.maven.plugin.JettyRunMojo.execute(JettyRunMojo.java:85)
	at org.apache.maven.plugin.DefaultBuildPluginManager.executeMojo(DefaultBuildPluginManager.java:137)
	at org.apache.maven.lifecycle.internal.MojoExecutor.execute(MojoExecutor.java:210)
	at org.apache.maven.lifecycle.internal.MojoExecutor.execute(MojoExecutor.java:156)
	at org.apache.maven.lifecycle.internal.MojoExecutor.execute(MojoExecutor.java:148)
	at org.apache.maven.lifecycle.internal.LifecycleModuleBuilder.buildProject(LifecycleModuleBuilder.java:117)
	at org.apache.maven.lifecycle.internal.LifecycleModuleBuilder.buildProject(LifecycleModuleBuilder.java:81)
	at org.apache.maven.lifecycle.internal.builder.singlethreaded.SingleThreadedBuilder.build(SingleThreadedBuilder.java:56)
	at org.apache.maven.lifecycle.internal.LifecycleStarter.execute(LifecycleStarter.java:128)
	at org.apache.maven.DefaultMaven.doExecute(DefaultMaven.java:305)
	at org.apache.maven.DefaultMaven.doExecute(DefaultMaven.java:192)
	at org.apache.maven.DefaultMaven.execute(DefaultMaven.java:105)
	at org.apache.maven.cli.MavenCli.execute(MavenCli.java:957)
	at org.apache.maven.cli.MavenCli.doMain(MavenCli.java:289)
	at org.apache.maven.cli.MavenCli.main(MavenCli.java:193)
	at java.base/jdk.internal.reflect.NativeMethodAccessorImpl.invoke0(Native Method)
	at java.base/jdk.internal.reflect.NativeMethodAccessorImpl.invoke(NativeMethodAccessorImpl.java:62)
	at java.base/jdk.internal.reflect.DelegatingMethodAccessorImpl.invoke(DelegatingMethodAccessorImpl.java:43)
	at java.base/java.lang.reflect.Method.invoke(Method.java:566)
	at org.codehaus.plexus.classworlds.launcher.Launcher.launchEnhanced(Launcher.java:282)
	at org.codehaus.plexus.classworlds.launcher.Launcher.launch(Launcher.java:225)
	at org.codehaus.plexus.classworlds.launcher.Launcher.mainWithExitCode(Launcher.java:406)
	at org.codehaus.plexus.classworlds.launcher.Launcher.main(Launcher.java:347)
05 Mar 2025 11:32:42,255 INFO com.sismics.util.ClasspathScanner.findClasses(ClasspathScanner.java:48) Found 1 classes for IndexingHandler 
05 Mar 2025 11:32:42,523 INFO com.sismics.docs.core.util.indexing.LuceneIndexingHandler.initLucene(LuceneIndexingHandler.java:129) Using RAM Lucene storage 
05 Mar 2025 11:32:44,131 INFO com.sismics.docs.core.service.FileService.startUp(FileService.java:39) File service starting up 
05 Mar 2025 11:32:44,181 INFO com.sismics.docs.core.service.InboxService.startUp(InboxService.java:52) Inbox service starting up 
05 Mar 2025 11:32:44,183 ERROR com.sismics.docs.core.util.TransactionUtil.handle(TransactionUtil.java:39) Cannot create entity manager 
java.lang.NullPointerException
	at com.sismics.docs.core.util.TransactionUtil.handle(TransactionUtil.java:37)
	at com.sismics.docs.core.service.InboxService.syncInbox(InboxService.java:73)
	at com.sismics.docs.core.service.InboxService.runOneIteration(InboxService.java:63)
	at com.google.common.util.concurrent.AbstractScheduledService$ServiceDelegate$Task.run(AbstractScheduledService.java:233)
	at com.google.common.util.concurrent.Callables.lambda$threadRenaming$3(Callables.java:103)
	at java.base/java.util.concurrent.Executors$RunnableAdapter.call(Executors.java:515)
	at java.base/java.util.concurrent.FutureTask.runAndReset(FutureTask.java:305)
	at java.base/java.util.concurrent.ScheduledThreadPoolExecutor$ScheduledFutureTask.run(ScheduledThreadPoolExecutor.java:305)
	at java.base/java.util.concurrent.ThreadPoolExecutor.runWorker(ThreadPoolExecutor.java:1128)
	at java.base/java.util.concurrent.ThreadPoolExecutor$Worker.run(ThreadPoolExecutor.java:628)
	at java.base/java.lang.Thread.run(Thread.java:829)
05 Mar 2025 11:32:44,185 ERROR com.sismics.docs.core.service.InboxService.runOneIteration(InboxService.java:65) Exception during inbox synching 
java.lang.NullPointerException
	at com.sismics.docs.core.util.TransactionUtil.handle(TransactionUtil.java:43)
	at com.sismics.docs.core.service.InboxService.syncInbox(InboxService.java:73)
	at com.sismics.docs.core.service.InboxService.runOneIteration(InboxService.java:63)
	at com.google.common.util.concurrent.AbstractScheduledService$ServiceDelegate$Task.run(AbstractScheduledService.java:233)
	at com.google.common.util.concurrent.Callables.lambda$threadRenaming$3(Callables.java:103)
	at java.base/java.util.concurrent.Executors$RunnableAdapter.call(Executors.java:515)
	at java.base/java.util.concurrent.FutureTask.runAndReset(FutureTask.java:305)
	at java.base/java.util.concurrent.ScheduledThreadPoolExecutor$ScheduledFutureTask.run(ScheduledThreadPoolExecutor.java:305)
	at java.base/java.util.concurrent.ThreadPoolExecutor.runWorker(ThreadPoolExecutor.java:1128)
	at java.base/java.util.concurrent.ThreadPoolExecutor$Worker.run(ThreadPoolExecutor.java:628)
	at java.base/java.lang.Thread.run(Thread.java:829)
05 Mar 2025 11:32:44,192 INFO com.sismics.docs.core.service.FileSizeService.startUp(FileSizeService.java:30) File size service starting up 
05 Mar 2025 11:32:44,194 ERROR com.sismics.docs.core.util.TransactionUtil.handle(TransactionUtil.java:39) Cannot create entity manager 
java.lang.NullPointerException
	at com.sismics.docs.core.util.TransactionUtil.handle(TransactionUtil.java:37)
	at com.sismics.docs.core.service.FileSizeService.runOneIteration(FileSizeService.java:43)
	at com.google.common.util.concurrent.AbstractScheduledService$ServiceDelegate$Task.run(AbstractScheduledService.java:233)
	at com.google.common.util.concurrent.Callables.lambda$threadRenaming$3(Callables.java:103)
	at java.base/java.util.concurrent.Executors$RunnableAdapter.call(Executors.java:515)
	at java.base/java.util.concurrent.FutureTask.runAndReset(FutureTask.java:305)
	at java.base/java.util.concurrent.ScheduledThreadPoolExecutor$ScheduledFutureTask.run(ScheduledThreadPoolExecutor.java:305)
	at java.base/java.util.concurrent.ThreadPoolExecutor.runWorker(ThreadPoolExecutor.java:1128)
	at java.base/java.util.concurrent.ThreadPoolExecutor$Worker.run(ThreadPoolExecutor.java:628)
	at java.base/java.lang.Thread.run(Thread.java:829)
05 Mar 2025 11:32:44,195 ERROR com.sismics.docs.core.service.FileSizeService.runOneIteration(FileSizeService.java:55) Exception during file service iteration 
java.lang.NullPointerException
	at com.sismics.docs.core.util.TransactionUtil.handle(TransactionUtil.java:43)
	at com.sismics.docs.core.service.FileSizeService.runOneIteration(FileSizeService.java:43)
	at com.google.common.util.concurrent.AbstractScheduledService$ServiceDelegate$Task.run(AbstractScheduledService.java:233)
	at com.google.common.util.concurrent.Callables.lambda$threadRenaming$3(Callables.java:103)
	at java.base/java.util.concurrent.Executors$RunnableAdapter.call(Executors.java:515)
	at java.base/java.util.concurrent.FutureTask.runAndReset(FutureTask.java:305)
	at java.base/java.util.concurrent.ScheduledThreadPoolExecutor$ScheduledFutureTask.run(ScheduledThreadPoolExecutor.java:305)
	at java.base/java.util.concurrent.ThreadPoolExecutor.runWorker(ThreadPoolExecutor.java:1128)
	at java.base/java.util.concurrent.ThreadPoolExecutor$Worker.run(ThreadPoolExecutor.java:628)
	at java.base/java.lang.Thread.run(Thread.java:829)
05 Mar 2025 11:32:44,887 INFO com.sismics.docs.core.service.InboxService.shutDown(InboxService.java:57) Inbox service shutting down 
05 Mar 2025 11:32:44,888 INFO com.sismics.docs.core.service.FileService.shutDown(FileService.java:44) File service shutting down 
05 Mar 2025 11:32:44,889 INFO com.sismics.docs.core.service.FileSizeService.shutDown(FileSizeService.java:35) File size service shutting down 
05 Mar 2025 11:32:59,767 INFO com.sismics.util.jpa.EMF.getEntityManagerProperties(EMF.java:67) Configuring EntityManager from hibernate.properties 
05 Mar 2025 11:33:05,023 INFO com.sismics.util.jpa.DbOpenHelper.open(DbOpenHelper.java:57) Opening database and executing incremental updates 
05 Mar 2025 11:33:05,042 INFO com.sismics.util.jpa.DbOpenHelper.open(DbOpenHelper.java:83) Unable to get database version: Table T_CONFIG not found 
05 Mar 2025 11:33:05,043 INFO com.sismics.util.jpa.DbOpenHelper.open(DbOpenHelper.java:98) Executing initial schema creation script 
05 Mar 2025 11:33:05,084 INFO com.sismics.util.jpa.DbOpenHelper.executeAllScript(DbOpenHelper.java:142) Executing script: dbupdate-000-0.sql 
05 Mar 2025 11:33:05,487 INFO com.sismics.util.jpa.DbOpenHelper.executeAllScript(DbOpenHelper.java:142) Executing script: dbupdate-000-1.sql 
05 Mar 2025 11:33:05,561 INFO com.sismics.util.jpa.DbOpenHelper.open(DbOpenHelper.java:106) Found database version 0, new version is 31, executing database incremental update scripts 
05 Mar 2025 11:33:05,569 INFO com.sismics.util.jpa.DbOpenHelper.executeAllScript(DbOpenHelper.java:142) Executing script: dbupdate-001-0.sql 
05 Mar 2025 11:33:05,658 INFO com.sismics.util.jpa.DbOpenHelper.executeAllScript(DbOpenHelper.java:142) Executing script: dbupdate-002-0.sql 
05 Mar 2025 11:33:05,673 INFO com.sismics.util.jpa.DbOpenHelper.executeAllScript(DbOpenHelper.java:142) Executing script: dbupdate-003-0.sql 
05 Mar 2025 11:33:05,690 INFO com.sismics.util.jpa.DbOpenHelper.executeAllScript(DbOpenHelper.java:142) Executing script: dbupdate-004-0.sql 
05 Mar 2025 11:33:05,716 INFO com.sismics.util.jpa.DbOpenHelper.executeAllScript(DbOpenHelper.java:142) Executing script: dbupdate-005-0.sql 
05 Mar 2025 11:33:05,726 INFO com.sismics.util.jpa.DbOpenHelper.executeAllScript(DbOpenHelper.java:142) Executing script: dbupdate-006-0.sql 
05 Mar 2025 11:33:05,913 INFO com.sismics.util.jpa.DbOpenHelper.executeAllScript(DbOpenHelper.java:142) Executing script: dbupdate-007-0.sql 
05 Mar 2025 11:33:05,924 INFO com.sismics.util.jpa.DbOpenHelper.executeAllScript(DbOpenHelper.java:142) Executing script: dbupdate-008-0.sql 
05 Mar 2025 11:33:05,937 INFO com.sismics.util.jpa.DbOpenHelper.executeAllScript(DbOpenHelper.java:142) Executing script: dbupdate-009-0.sql 
05 Mar 2025 11:33:05,954 INFO com.sismics.util.jpa.DbOpenHelper.executeAllScript(DbOpenHelper.java:142) Executing script: dbupdate-010-0.sql 
05 Mar 2025 11:33:05,966 INFO com.sismics.util.jpa.DbOpenHelper.executeAllScript(DbOpenHelper.java:142) Executing script: dbupdate-011-0.sql 
05 Mar 2025 11:33:05,981 INFO com.sismics.util.jpa.DbOpenHelper.executeAllScript(DbOpenHelper.java:142) Executing script: dbupdate-012-0.sql 
05 Mar 2025 11:33:05,996 INFO com.sismics.util.jpa.DbOpenHelper.executeAllScript(DbOpenHelper.java:142) Executing script: dbupdate-013-0.sql 
05 Mar 2025 11:33:06,006 INFO com.sismics.util.jpa.DbOpenHelper.executeAllScript(DbOpenHelper.java:142) Executing script: dbupdate-014-0.sql 
05 Mar 2025 11:33:06,020 INFO com.sismics.util.jpa.DbOpenHelper.executeAllScript(DbOpenHelper.java:142) Executing script: dbupdate-015-0.sql 
05 Mar 2025 11:33:06,038 INFO com.sismics.util.jpa.DbOpenHelper.executeAllScript(DbOpenHelper.java:142) Executing script: dbupdate-016-0.sql 
05 Mar 2025 11:33:06,046 INFO com.sismics.util.jpa.DbOpenHelper.executeAllScript(DbOpenHelper.java:142) Executing script: dbupdate-017-0.sql 
05 Mar 2025 11:33:06,053 INFO com.sismics.util.jpa.DbOpenHelper.executeAllScript(DbOpenHelper.java:142) Executing script: dbupdate-018-0.sql 
05 Mar 2025 11:33:06,138 INFO com.sismics.util.jpa.DbOpenHelper.executeAllScript(DbOpenHelper.java:142) Executing script: dbupdate-019-0.sql 
05 Mar 2025 11:33:06,146 INFO com.sismics.util.jpa.DbOpenHelper.executeAllScript(DbOpenHelper.java:142) Executing script: dbupdate-020-0.sql 
05 Mar 2025 11:33:06,161 INFO com.sismics.util.jpa.DbOpenHelper.executeAllScript(DbOpenHelper.java:142) Executing script: dbupdate-021-0.sql 
05 Mar 2025 11:33:06,173 INFO com.sismics.util.jpa.DbOpenHelper.executeAllScript(DbOpenHelper.java:142) Executing script: dbupdate-022-0.sql 
05 Mar 2025 11:33:06,193 INFO com.sismics.util.jpa.DbOpenHelper.executeAllScript(DbOpenHelper.java:142) Executing script: dbupdate-023-0.sql 
05 Mar 2025 11:33:06,205 INFO com.sismics.util.jpa.DbOpenHelper.executeAllScript(DbOpenHelper.java:142) Executing script: dbupdate-024-0.sql 
05 Mar 2025 11:33:06,216 INFO com.sismics.util.jpa.DbOpenHelper.executeAllScript(DbOpenHelper.java:142) Executing script: dbupdate-025-0.sql 
05 Mar 2025 11:33:06,223 INFO com.sismics.util.jpa.DbOpenHelper.executeAllScript(DbOpenHelper.java:142) Executing script: dbupdate-026-0.sql 
05 Mar 2025 11:33:06,228 INFO com.sismics.util.jpa.DbOpenHelper.executeAllScript(DbOpenHelper.java:142) Executing script: dbupdate-027-0.sql 
05 Mar 2025 11:33:06,233 INFO com.sismics.util.jpa.DbOpenHelper.executeAllScript(DbOpenHelper.java:142) Executing script: dbupdate-028-0.sql 
05 Mar 2025 11:33:06,245 INFO com.sismics.util.jpa.DbOpenHelper.executeAllScript(DbOpenHelper.java:142) Executing script: dbupdate-029-0.sql 
05 Mar 2025 11:33:06,253 INFO com.sismics.util.jpa.DbOpenHelper.executeAllScript(DbOpenHelper.java:142) Executing script: dbupdate-030-0.sql 
05 Mar 2025 11:33:06,259 INFO com.sismics.util.jpa.DbOpenHelper.executeAllScript(DbOpenHelper.java:142) Executing script: dbupdate-031-0.sql 
05 Mar 2025 11:33:06,263 INFO com.sismics.util.jpa.DbOpenHelper.open(DbOpenHelper.java:108) Database upgrade complete 
05 Mar 2025 11:33:06,267 INFO com.sismics.util.jpa.EMF.getEntityManagerProperties(EMF.java:67) Configuring EntityManager from hibernate.properties 
05 Mar 2025 11:32:53,362 INFO com.sismics.util.ClasspathScanner.findClasses(ClasspathScanner.java:48) Found 1 classes for IndexingHandler 
05 Mar 2025 11:32:54,357 INFO com.sismics.docs.core.util.indexing.LuceneIndexingHandler.initLucene(LuceneIndexingHandler.java:129) Using RAM Lucene storage 
05 Mar 2025 11:32:56,186 INFO com.sismics.docs.core.service.FileService.startUp(FileService.java:39) File service starting up 
05 Mar 2025 11:32:56,276 INFO com.sismics.docs.core.service.InboxService.startUp(InboxService.java:52) Inbox service starting up 
05 Mar 2025 11:32:56,297 INFO com.sismics.docs.core.service.FileSizeService.startUp(FileSizeService.java:30) File size service starting up 
05 Mar 2025 11:32:58,014 INFO com.sismics.docs.core.service.FileSizeService.lambda$runOneIteration$0(FileSizeService.java:50) No more file to process, stopping the service 
05 Mar 2025 11:32:58,024 INFO com.sismics.docs.core.service.FileSizeService.shutDown(FileSizeService.java:35) File size service shutting down 
05 Mar 2025 11:33:12,776 INFO com.sismics.util.ClasspathScanner.findClasses(ClasspathScanner.java:48) Found 2 classes for AuthenticationHandler 
05 Mar 2025 11:33:21,611 INFO com.sismics.docs.core.util.FileUtil.startProcessingFile(FileUtil.java:225) Processing started for file: 1ac6a6fb-7edb-4488-b234-881ebbcfb5f5 
05 Mar 2025 11:33:21,653 INFO com.sismics.docs.core.listener.async.FileProcessingAsyncListener.on(FileProcessingAsyncListener.java:53) File created event: FileCreatedAsyncEvent{fileId=1ac6a6fb-7edb-4488-b234-881ebbcfb5f5, language=null} 
05 Mar 2025 11:33:59,548 INFO com.sismics.util.ClasspathScanner.findClasses(ClasspathScanner.java:48) Found 7 classes for FormatHandler 
05 Mar 2025 11:33:25,128 INFO com.sismics.docs.core.listener.async.FileProcessingAsyncListener.extractContent(FileProcessingAsyncListener.java:176) Start extracting content from: File{id=1ac6a6fb-7edb-4488-b234-881ebbcfb5f5, name=NLP_A1.pdf} 
05 Mar 2025 11:33:25,283 INFO com.sismics.docs.core.listener.async.FileProcessingAsyncListener.extractContent(FileProcessingAsyncListener.java:182) File content extracted in 155ms: 1ac6a6fb-7edb-4488-b234-881ebbcfb5f5 
05 Mar 2025 11:33:26,523 INFO com.sismics.docs.core.util.FileUtil.endProcessingFile(FileUtil.java:235) Processing ended for file: 1ac6a6fb-7edb-4488-b234-881ebbcfb5f5 
05 Mar 2025 11:33:30,321 INFO com.sismics.docs.core.listener.async.DocumentCreatedAsyncListener.on(DocumentCreatedAsyncListener.java:35) Document created event: DocumentCreatedAsyncEvent{documentId=0cfdb2d2-ac0c-4be6-bebd-062590452ae0} 
05 Mar 2025 11:33:30,457 INFO com.sismics.docs.core.util.FileUtil.startProcessingFile(FileUtil.java:225) Processing started for file: 1ac6a6fb-7edb-4488-b234-881ebbcfb5f5 
05 Mar 2025 11:33:30,467 INFO com.sismics.docs.core.listener.async.FileProcessingAsyncListener.on(FileProcessingAsyncListener.java:67) File updated event: FileUpdatedAsyncEvent{fileId=1ac6a6fb-7edb-4488-b234-881ebbcfb5f5, language=eng} 
05 Mar 2025 11:33:30,469 INFO com.sismics.docs.core.listener.async.DocumentUpdatedAsyncListener.on(DocumentUpdatedAsyncListener.java:39) Document updated event: DocumentUpdatedAsyncEvent{documentId=0cfdb2d2-ac0c-4be6-bebd-062590452ae0} 
05 Mar 2025 11:33:31,267 INFO com.sismics.docs.core.listener.async.FileProcessingAsyncListener.extractContent(FileProcessingAsyncListener.java:176) Start extracting content from: File{id=1ac6a6fb-7edb-4488-b234-881ebbcfb5f5, name=NLP_A1.pdf} 
05 Mar 2025 11:33:31,292 INFO com.sismics.docs.core.listener.async.FileProcessingAsyncListener.extractContent(FileProcessingAsyncListener.java:182) File content extracted in 24ms: 1ac6a6fb-7edb-4488-b234-881ebbcfb5f5 
05 Mar 2025 11:33:31,328 INFO com.sismics.docs.core.util.FileUtil.endProcessingFile(FileUtil.java:235) Processing ended for file: 1ac6a6fb-7edb-4488-b234-881ebbcfb5f5 
05 Mar 2025 11:34:19,721 INFO com.sismics.docs.core.util.FileUtil.startProcessingFile(FileUtil.java:225) Processing started for file: 0e95378e-2846-4a0c-b6ba-0e13cd30b2f5 
05 Mar 2025 11:34:19,730 INFO com.sismics.docs.core.listener.async.FileProcessingAsyncListener.on(FileProcessingAsyncListener.java:53) File created event: FileCreatedAsyncEvent{fileId=0e95378e-2846-4a0c-b6ba-0e13cd30b2f5, language=eng} 
05 Mar 2025 11:34:19,731 INFO com.sismics.docs.core.listener.async.DocumentUpdatedAsyncListener.on(DocumentUpdatedAsyncListener.java:39) Document updated event: DocumentUpdatedAsyncEvent{documentId=0cfdb2d2-ac0c-4be6-bebd-062590452ae0} 
05 Mar 2025 11:34:19,746 INFO com.sismics.docs.core.listener.async.FileProcessingAsyncListener.extractContent(FileProcessingAsyncListener.java:143) Format unhandled: application/x-msdos-program 
05 Mar 2025 11:34:19,755 INFO com.sismics.docs.core.util.FileUtil.endProcessingFile(FileUtil.java:235) Processing ended for file: 0e95378e-2846-4a0c-b6ba-0e13cd30b2f5 
05 Mar 2025 11:34:38,544 INFO com.sismics.docs.core.service.InboxService.shutDown(InboxService.java:57) Inbox service shutting down 
05 Mar 2025 11:34:38,545 INFO com.sismics.docs.core.service.FileService.shutDown(FileService.java:44) File service shutting down 
05 Mar 2025 11:34:52,528 INFO com.sismics.util.jpa.EMF.getEntityManagerProperties(EMF.java:67) Configuring EntityManager from hibernate.properties 
05 Mar 2025 11:34:55,478 INFO com.sismics.util.jpa.DbOpenHelper.open(DbOpenHelper.java:57) Opening database and executing incremental updates 
05 Mar 2025 11:34:55,536 INFO com.sismics.util.jpa.DbOpenHelper.open(DbOpenHelper.java:106) Found database version 31, new version is 31, executing database incremental update scripts 
05 Mar 2025 11:34:55,537 INFO com.sismics.util.jpa.DbOpenHelper.open(DbOpenHelper.java:108) Database upgrade complete 
05 Mar 2025 11:34:55,544 INFO com.sismics.util.jpa.EMF.getEntityManagerProperties(EMF.java:67) Configuring EntityManager from hibernate.properties 
05 Mar 2025 11:35:13,443 INFO com.sismics.util.ClasspathScanner.findClasses(ClasspathScanner.java:48) Found 1 classes for IndexingHandler 
05 Mar 2025 11:35:14,338 INFO com.sismics.docs.core.util.indexing.LuceneIndexingHandler.initLucene(LuceneIndexingHandler.java:129) Using RAM Lucene storage 
05 Mar 2025 11:35:15,789 INFO com.sismics.docs.core.service.FileService.startUp(FileService.java:39) File service starting up 
05 Mar 2025 11:35:15,863 INFO com.sismics.docs.core.service.InboxService.startUp(InboxService.java:52) Inbox service starting up 
05 Mar 2025 11:35:15,876 INFO com.sismics.docs.core.service.FileSizeService.startUp(FileSizeService.java:30) File size service starting up 
05 Mar 2025 11:35:17,711 INFO com.sismics.docs.core.service.FileSizeService.lambda$runOneIteration$0(FileSizeService.java:50) No more file to process, stopping the service 
05 Mar 2025 11:35:17,720 INFO com.sismics.docs.core.service.FileSizeService.shutDown(FileSizeService.java:35) File size service shutting down 
05 Mar 2025 14:32:26,323 INFO com.sismics.docs.core.service.InboxService.shutDown(InboxService.java:57) Inbox service shutting down 
05 Mar 2025 14:32:26,325 INFO com.sismics.docs.core.service.FileService.shutDown(FileService.java:44) File service shutting down 
